<?xml version="1.0" encoding="UTF-8"?>
<!-- Generated by org.testng.reporters.JUnitXMLReporter -->
<testsuite hostname="ZIPLSY1664" ignored="0" name="TC001_verifyDiscardCard" tests="2" failures="2" timestamp="10 Nov 2017 14:55:48 GMT" time="60.043" errors="0">
  <testcase name="verifyDiscardCard" time="16.991" classname="LetsTrySelenium.Rainbow_Selenium_framework.RainbowHomePage.TC001_verifyDiscardCard">
    <failure type="org.openqa.selenium.TimeoutException" message="Expected condition failed: waiting for visibility of [[ChromeDriver: chrome on XP (9e25bc5d7040b20c4c330f6a4265a45a)] -&amp;gt; xpath: .//span[contains(text(),&amp;apos;Yes, Discard&amp;apos;)]] (tried for 5 second(s) with 500 MILLISECONDS interval)
Build info: version: &amp;apos;3.4.0&amp;apos;, revision: &amp;apos;unknown&amp;apos;, time: &amp;apos;unknown&amp;apos;
System info: host: &amp;apos;ZIPLSY1664&amp;apos;, ip: &amp;apos;192.168.2.176&amp;apos;, os.name: &amp;apos;Windows 10&amp;apos;, os.arch: &amp;apos;amd64&amp;apos;, os.version: &amp;apos;10.0&amp;apos;, java.version: &amp;apos;1.8.0_121&amp;apos;
Driver info: org.openqa.selenium.chrome.ChromeDriver
Capabilities [{applicationCacheEnabled=false, rotatable=false, mobileEmulationEnabled=false, networkConnectionEnabled=false, chrome={chromedriverVersion=2.33.506120 (e3e53437346286c0bc2d2dc9aa4915ba81d9023f), userDataDir=C:\Users\AARTI~1.KUL\AppData\Local\Temp\scoped_dir60516_1776}, takesHeapSnapshot=true, pageLoadStrategy=normal, databaseEnabled=false, handlesAlerts=true, hasTouchScreen=false, version=62.0.3202.89, platform=XP, browserConnectionEnabled=false, nativeEvents=true, acceptSslCerts=true, locationContextEnabled=true, webStorageEnabled=true, browserName=chrome, takesScreenshot=true, javascriptEnabled=true, cssSelectorsEnabled=true, setWindowRect=true, unexpectedAlertBehaviour=}]
Session ID: 9e25bc5d7040b20c4c330f6a4265a45a">
      <![CDATA[org.openqa.selenium.TimeoutException: Expected condition failed: waiting for visibility of [[ChromeDriver: chrome on XP (9e25bc5d7040b20c4c330f6a4265a45a)] -> xpath: .//span[contains(text(),'Yes, Discard')]] (tried for 5 second(s) with 500 MILLISECONDS interval)
Build info: version: '3.4.0', revision: 'unknown', time: 'unknown'
System info: host: 'ZIPLSY1664', ip: '192.168.2.176', os.name: 'Windows 10', os.arch: 'amd64', os.version: '10.0', java.version: '1.8.0_121'
Driver info: org.openqa.selenium.chrome.ChromeDriver
Capabilities [{applicationCacheEnabled=false, rotatable=false, mobileEmulationEnabled=false, networkConnectionEnabled=false, chrome={chromedriverVersion=2.33.506120 (e3e53437346286c0bc2d2dc9aa4915ba81d9023f), userDataDir=C:\Users\AARTI~1.KUL\AppData\Local\Temp\scoped_dir60516_1776}, takesHeapSnapshot=true, pageLoadStrategy=normal, databaseEnabled=false, handlesAlerts=true, hasTouchScreen=false, version=62.0.3202.89, platform=XP, browserConnectionEnabled=false, nativeEvents=true, acceptSslCerts=true, locationContextEnabled=true, webStorageEnabled=true, browserName=chrome, takesScreenshot=true, javascriptEnabled=true, cssSelectorsEnabled=true, setWindowRect=true, unexpectedAlertBehaviour=}]
Session ID: 9e25bc5d7040b20c4c330f6a4265a45a
	at org.openqa.selenium.support.ui.WebDriverWait.timeoutException(WebDriverWait.java:80)
	at org.openqa.selenium.support.ui.FluentWait.until(FluentWait.java:232)
	at LetsTrySelenium.Rainbow_Selenium_framework.uiActions.RainbowHomePage.waitForElement(RainbowHomePage.java:168)
	at LetsTrySelenium.Rainbow_Selenium_framework.uiActions.RainbowHomePage.discard(RainbowHomePage.java:148)
	at LetsTrySelenium.Rainbow_Selenium_framework.RainbowHomePage.TC001_verifyDiscardCard.verifyDiscardCard(TC001_verifyDiscardCard.java:49)
... Removed 25 stack frames]]>
    </failure>
  </testcase> <!-- verifyDiscardCard -->
  <testcase name="verifyDiscardCard" time="29.888" classname="LetsTrySelenium.Rainbow_Selenium_framework.RainbowHomePage.TC001_verifyDiscardCard">
    <failure type="java.lang.NullPointerException">
      <![CDATA[java.lang.NullPointerException
	at org.openqa.selenium.support.pagefactory.internal.LocatingElementHandler.invoke(LocatingElementHandler.java:51)
	at com.sun.proxy.$Proxy8.click(Unknown Source)
	at LetsTrySelenium.Rainbow_Selenium_framework.uiActions.RainbowHomePage.loginApplication(RainbowHomePage.java:78)
	at LetsTrySelenium.Rainbow_Selenium_framework.RainbowHomePage.TC001_verifyDiscardCard.verifyDiscardCard(TC001_verifyDiscardCard.java:42)
... Removed 29 stack frames]]>
    </failure>
  </testcase> <!-- verifyDiscardCard -->
</testsuite> <!-- TC001_verifyDiscardCard -->
